# JRE version: OpenJDK Runtime Environment Temurin-21.0.10+7 (21.0.10+7) (build 21.0.10+7-LTS)
# Java VM: OpenJDK 64-Bit Server VM Temurin-21.0.10+7 (21.0.10+7-LTS, mixed mode, sharing, tiered, compressed oops, compressed class ptrs, parallel gc, windows-amd64)
GC Precious Log:
 CardTable entry size: 512
 CPUs: 4 total, 4 available
 Memory: 7592M
 Large Page Support: Disabled
 NUMA Support: Disabled
 Compressed Oops: Enabled (32-bit)
 Alignments: Space 512K, Generation 512K, Heap 2M
 Heap Min Capacity: 100M
 Heap Initial Capacity: 100M
 Heap Max Capacity: 2G
 Pre-touch: Disabled
 Parallel Workers: 4
Heap:
 PSYoungGen      total 21504K, used 6006K [0x00000000d5580000, 0x00000000d6c80000, 0x0000000100000000)
  eden space 19456K, 28% used [0x00000000d5580000,0x00000000d5ae5b40,0x00000000d6880000)
  from space 2048K, 23% used [0x00000000d6900000,0x00000000d6978020,0x00000000d6b00000)
  to   space 1024K, 0% used [0x00000000d6b80000,0x00000000d6b80000,0x00000000d6c80000)
 ParOldGen       total 68608K, used 32405K [0x0000000080000000, 0x0000000084300000, 0x00000000d5580000)
  object space 68608K, 47% used [0x0000000080000000,0x0000000081fa5730,0x0000000084300000)
 Metaspace       used 42476K, committed 43520K, reserved 1114112K
  class space    used 4345K, committed 4800K, reserved 1048576K
GC Heap History (20 events):
Event: 32.771 GC heap before
{Heap before GC invocations=14 (full 1):
 PSYoungGen      total 22016K, used 21988K [0x00000000d5580000, 0x00000000d7b00000, 0x0000000100000000)
  eden space 19456K, 100% used [0x00000000d5580000,0x00000000d6880000,0x00000000d6880000)
  from space 2560K, 98% used [0x00000000d7080000,0x00000000d72f9000,0x00000000d7300000)
  to   space 8192K, 0% used [0x00000000d6880000,0x00000000d6880000,0x00000000d7080000)
 ParOldGen       total 68608K, used 21302K [0x0000000080000000, 0x0000000084300000, 0x00000000d5580000)
  object space 68608K, 31% used [0x0000000080000000,0x00000000814cda68,0x0000000084300000)
 Metaspace       used 32602K, committed 33600K, reserved 1114112K
  class space    used 3312K, committed 3776K, reserved 1048576K
}
Event: 32.787 GC heap after
{Heap after GC invocations=14 (full 1):
 PSYoungGen      total 23040K, used 3232K [0x00000000d5580000, 0x00000000d7280000, 0x0000000100000000)
  eden space 19456K, 0% used [0x00000000d5580000,0x00000000d5580000,0x00000000d6880000)
  from space 3584K, 90% used [0x00000000d6880000,0x00000000d6ba8010,0x00000000d6c00000)
  to   space 5120K, 0% used [0x00000000d6d80000,0x00000000d6d80000,0x00000000d7280000)
 ParOldGen       total 68608K, used 23846K [0x0000000080000000, 0x0000000084300000, 0x00000000d5580000)
  object space 68608K, 34% used [0x0000000080000000,0x0000000081749b30,0x0000000084300000)
 Metaspace       used 32602K, committed 33600K, reserved 1114112K
  class space    used 3312K, committed 3776K, reserved 1048576K
}
Event: 33.193 GC heap before
{Heap before GC invocations=15 (full 1):
 PSYoungGen      total 23040K, used 22669K [0x00000000d5580000, 0x00000000d7280000, 0x0000000100000000)
  eden space 19456K, 99% used [0x00000000d5580000,0x00000000d687b498,0x00000000d6880000)
  from space 3584K, 90% used [0x00000000d6880000,0x00000000d6ba8010,0x00000000d6c00000)
  to   space 5120K, 0% used [0x00000000d6d80000,0x00000000d6d80000,0x00000000d7280000)
 ParOldGen       total 68608K, used 23846K [0x0000000080000000, 0x0000000084300000, 0x00000000d5580000)
  object space 68608K, 34% used [0x0000000080000000,0x0000000081749b30,0x0000000084300000)
 Metaspace       used 33331K, committed 34304K, reserved 1114112K
  class space    used 3404K, committed 3840K, reserved 1048576K
}
Event: 33.207 GC heap after
{Heap after GC invocations=15 (full 1):
 PSYoungGen      total 22016K, used 2318K [0x00000000d5580000, 0x00000000d7000000, 0x0000000100000000)
  eden space 19456K, 0% used [0x00000000d5580000,0x00000000d5580000,0x00000000d6880000)
  from space 2560K, 90% used [0x00000000d6d80000,0x00000000d6fc3bc8,0x00000000d7000000)
  to   space 3072K, 0% used [0x00000000d6a00000,0x00000000d6a00000,0x00000000d6d00000)
 ParOldGen       total 68608K, used 26998K [0x0000000080000000, 0x0000000084300000, 0x00000000d5580000)
  object space 68608K, 39% used [0x0000000080000000,0x0000000081a5db40,0x0000000084300000)
 Metaspace       used 33331K, committed 34304K, reserved 1114112K
  class space    used 3404K, committed 3840K, reserved 1048576K
}
Event: 33.927 GC heap before
{Heap before GC invocations=16 (full 1):
 PSYoungGen      total 22016K, used 21711K [0x00000000d5580000, 0x00000000d7000000, 0x0000000100000000)
  eden space 19456K, 99% used [0x00000000d5580000,0x00000000d6870250,0x00000000d6880000)
  from space 2560K, 90% used [0x00000000d6d80000,0x00000000d6fc3bc8,0x00000000d7000000)
  to   space 3072K, 0% used [0x00000000d6a00000,0x00000000d6a00000,0x00000000d6d00000)
 ParOldGen       total 68608K, used 26998K [0x0000000080000000, 0x0000000084300000, 0x00000000d5580000)
  object space 68608K, 39% used [0x0000000080000000,0x0000000081a5db40,0x0000000084300000)
 Metaspace       used 34740K, committed 35712K, reserved 1114112K
  class space    used 3594K, committed 4032K, reserved 1048576K
}
Event: 33.934 GC heap after
{Heap after GC invocations=16 (full 1):
 PSYoungGen      total 20480K, used 536K [0x00000000d5580000, 0x00000000d6e00000, 0x0000000100000000)
  eden space 19456K, 0% used [0x00000000d5580000,0x00000000d5580000,0x00000000d6880000)
  from space 1024K, 52% used [0x00000000d6a00000,0x00000000d6a862e8,0x00000000d6b00000)
  to   space 1536K, 0% used [0x00000000d6c80000,0x00000000d6c80000,0x00000000d6e00000)
 ParOldGen       total 68608K, used 29214K [0x0000000080000000, 0x0000000084300000, 0x00000000d5580000)
  object space 68608K, 42% used [0x0000000080000000,0x0000000081c878b8,0x0000000084300000)
 Metaspace       used 34740K, committed 35712K, reserved 1114112K
  class space    used 3594K, committed 4032K, reserved 1048576K
}
Event: 34.042 GC heap before
{Heap before GC invocations=17 (full 1):
 PSYoungGen      total 20480K, used 2300K [0x00000000d5580000, 0x00000000d6e00000, 0x0000000100000000)
  eden space 19456K, 9% used [0x00000000d5580000,0x00000000d57390b8,0x00000000d6880000)
  from space 1024K, 52% used [0x00000000d6a00000,0x00000000d6a862e8,0x00000000d6b00000)
  to   space 1536K, 0% used [0x00000000d6c80000,0x00000000d6c80000,0x00000000d6e00000)
 ParOldGen       total 68608K, used 29214K [0x0000000080000000, 0x0000000084300000, 0x00000000d5580000)
  object space 68608K, 42% used [0x0000000080000000,0x0000000081c878b8,0x0000000084300000)
 Metaspace       used 34903K, committed 35840K, reserved 1114112K
  class space    used 3603K, committed 4032K, reserved 1048576K
}
Event: 34.043 GC heap after
{Heap after GC invocations=17 (full 1):
 PSYoungGen      total 19968K, used 192K [0x00000000d5580000, 0x00000000d6d00000, 0x0000000100000000)
  eden space 19456K, 0% used [0x00000000d5580000,0x00000000d5580000,0x00000000d6880000)
  from space 512K, 37% used [0x00000000d6c80000,0x00000000d6cb0010,0x00000000d6d00000)
  to   space 512K, 0% used [0x00000000d6c00000,0x00000000d6c00000,0x00000000d6c80000)
 ParOldGen       total 68608K, used 29710K [0x0000000080000000, 0x0000000084300000, 0x00000000d5580000)
  object space 68608K, 43% used [0x0000000080000000,0x0000000081d038f0,0x0000000084300000)
 Metaspace       used 34903K, committed 35840K, reserved 1114112K
  class space    used 3603K, committed 4032K, reserved 1048576K
}
Event: 34.043 GC heap before
{Heap before GC invocations=18 (full 2):
 PSYoungGen      total 19968K, used 192K [0x00000000d5580000, 0x00000000d6d00000, 0x0000000100000000)
  eden space 19456K, 0% used [0x00000000d5580000,0x00000000d5580000,0x00000000d6880000)
  from space 512K, 37% used [0x00000000d6c80000,0x00000000d6cb0010,0x00000000d6d00000)
  to   space 512K, 0% used [0x00000000d6c00000,0x00000000d6c00000,0x00000000d6c80000)
 ParOldGen       total 68608K, used 29710K [0x0000000080000000, 0x0000000084300000, 0x00000000d5580000)
  object space 68608K, 43% used [0x0000000080000000,0x0000000081d038f0,0x0000000084300000)
 Metaspace       used 34903K, committed 35840K, reserved 1114112K
  class space    used 3603K, committed 4032K, reserved 1048576K
}
Event: 34.160 GC heap after
{Heap after GC invocations=18 (full 2):
 PSYoungGen      total 19968K, used 0K [0x00000000d5580000, 0x00000000d6d00000, 0x0000000100000000)
  eden space 19456K, 0% used [0x00000000d5580000,0x00000000d5580000,0x00000000d6880000)
  from space 512K, 0% used [0x00000000d6c80000,0x00000000d6c80000,0x00000000d6d00000)
  to   space 512K, 0% used [0x00000000d6c00000,0x00000000d6c00000,0x00000000d6c80000)
 ParOldGen       total 68608K, used 28660K [0x0000000080000000, 0x0000000084300000, 0x00000000d5580000)
  object space 68608K, 41% used [0x0000000080000000,0x0000000081bfd188,0x0000000084300000)
 Metaspace       used 34816K, committed 35840K, reserved 1114112K
  class space    used 3578K, committed 4032K, reserved 1048576K
}
Event: 34.576 GC heap before
{Heap before GC invocations=19 (full 2):
 PSYoungGen      total 19968K, used 19456K [0x00000000d5580000, 0x00000000d6d00000, 0x0000000100000000)
  eden space 19456K, 100% used [0x00000000d5580000,0x00000000d6880000,0x00000000d6880000)
  from space 512K, 0% used [0x00000000d6c80000,0x00000000d6c80000,0x00000000d6d00000)
  to   space 512K, 0% used [0x00000000d6c00000,0x00000000d6c00000,0x00000000d6c80000)
 ParOldGen       total 68608K, used 28660K [0x0000000080000000, 0x0000000084300000, 0x00000000d5580000)
  object space 68608K, 41% used [0x0000000080000000,0x0000000081bfd188,0x0000000084300000)
 Metaspace       used 36544K, committed 37504K, reserved 1114112K
  class space    used 3753K, committed 4160K, reserved 1048576K
}
Event: 34.578 GC heap after
{Heap after GC invocations=19 (full 2):
 PSYoungGen      total 19968K, used 320K [0x00000000d5580000, 0x00000000d6d00000, 0x0000000100000000)
  eden space 19456K, 0% used [0x00000000d5580000,0x00000000d5580000,0x00000000d6880000)
  from space 512K, 62% used [0x00000000d6c00000,0x00000000d6c50000,0x00000000d6c80000)
  to   space 512K, 0% used [0x00000000d6c80000,0x00000000d6c80000,0x00000000d6d00000)
 ParOldGen       total 68608K, used 28668K [0x0000000080000000, 0x0000000084300000, 0x00000000d5580000)
  object space 68608K, 41% used [0x0000000080000000,0x0000000081bff188,0x0000000084300000)
 Metaspace       used 36544K, committed 37504K, reserved 1114112K
  class space    used 3753K, committed 4160K, reserved 1048576K
}
Event: 35.611 GC heap before
{Heap before GC invocations=20 (full 2):
 PSYoungGen      total 19968K, used 19776K [0x00000000d5580000, 0x00000000d6d00000, 0x0000000100000000)
  eden space 19456K, 100% used [0x00000000d5580000,0x00000000d6880000,0x00000000d6880000)
  from space 512K, 62% used [0x00000000d6c00000,0x00000000d6c50000,0x00000000d6c80000)
  to   space 512K, 0% used [0x00000000d6c80000,0x00000000d6c80000,0x00000000d6d00000)
 ParOldGen       total 68608K, used 28668K [0x0000000080000000, 0x0000000084300000, 0x00000000d5580000)
  object space 68608K, 41% used [0x0000000080000000,0x0000000081bff188,0x0000000084300000)
 Metaspace       used 38954K, committed 39872K, reserved 1114112K
  class space    used 4053K, committed 4416K, reserved 1048576K
}
Event: 35.615 GC heap after
{Heap after GC invocations=20 (full 2):
 PSYoungGen      total 19968K, used 512K [0x00000000d5580000, 0x00000000d6d00000, 0x0000000100000000)
  eden space 19456K, 0% used [0x00000000d5580000,0x00000000d5580000,0x00000000d6880000)
  from space 512K, 100% used [0x00000000d6c80000,0x00000000d6d00000,0x00000000d6d00000)
  to   space 1536K, 0% used [0x00000000d6a00000,0x00000000d6a00000,0x00000000d6b80000)
 ParOldGen       total 68608K, used 29224K [0x0000000080000000, 0x0000000084300000, 0x00000000d5580000)
  object space 68608K, 42% used [0x0000000080000000,0x0000000081c8a068,0x0000000084300000)
 Metaspace       used 38954K, committed 39872K, reserved 1114112K
  class space    used 4053K, committed 4416K, reserved 1048576K
}
Event: 36.189 GC heap before
{Heap before GC invocations=21 (full 2):
 PSYoungGen      total 19968K, used 19913K [0x00000000d5580000, 0x00000000d6d00000, 0x0000000100000000)
  eden space 19456K, 99% used [0x00000000d5580000,0x00000000d6872448,0x00000000d6880000)
  from space 512K, 100% used [0x00000000d6c80000,0x00000000d6d00000,0x00000000d6d00000)
  to   space 1536K, 0% used [0x00000000d6a00000,0x00000000d6a00000,0x00000000d6b80000)
 ParOldGen       total 68608K, used 29224K [0x0000000080000000, 0x0000000084300000, 0x00000000d5580000)
  object space 68608K, 42% used [0x0000000080000000,0x0000000081c8a068,0x0000000084300000)
 Metaspace       used 40646K, committed 41728K, reserved 1114112K
  class space    used 4207K, committed 4672K, reserved 1048576K
}
Event: 36.195 GC heap after
{Heap after GC invocations=21 (full 2):
 PSYoungGen      total 20992K, used 1520K [0x00000000d5580000, 0x00000000d6f80000, 0x0000000100000000)
  eden space 19456K, 0% used [0x00000000d5580000,0x00000000d5580000,0x00000000d6880000)
  from space 1536K, 98% used [0x00000000d6a00000,0x00000000d6b7c110,0x00000000d6b80000)
  to   space 3584K, 0% used [0x00000000d6c00000,0x00000000d6c00000,0x00000000d6f80000)
 ParOldGen       total 68608K, used 30540K [0x0000000080000000, 0x0000000084300000, 0x00000000d5580000)
  object space 68608K, 44% used [0x0000000080000000,0x0000000081dd3168,0x0000000084300000)
 Metaspace       used 40646K, committed 41728K, reserved 1114112K
  class space    used 4207K, committed 4672K, reserved 1048576K
}
Event: 36.808 GC heap before
{Heap before GC invocations=22 (full 2):
 PSYoungGen      total 20992K, used 20976K [0x00000000d5580000, 0x00000000d6f80000, 0x0000000100000000)
  eden space 19456K, 100% used [0x00000000d5580000,0x00000000d6880000,0x00000000d6880000)
  from space 1536K, 98% used [0x00000000d6a00000,0x00000000d6b7c110,0x00000000d6b80000)
  to   space 3584K, 0% used [0x00000000d6c00000,0x00000000d6c00000,0x00000000d6f80000)
 ParOldGen       total 68608K, used 30540K [0x0000000080000000, 0x0000000084300000, 0x00000000d5580000)
  object space 68608K, 44% used [0x0000000080000000,0x0000000081dd3168,0x0000000084300000)
 Metaspace       used 40854K, committed 41920K, reserved 1114112K
  class space    used 4207K, committed 4672K, reserved 1048576K
}
Event: 36.813 GC heap after
{Heap after GC invocations=22 (full 2):
 PSYoungGen      total 20480K, used 966K [0x00000000d5580000, 0x00000000d6d00000, 0x0000000100000000)
  eden space 19456K, 0% used [0x00000000d5580000,0x00000000d5580000,0x00000000d6880000)
  from space 1024K, 94% used [0x00000000d6c00000,0x00000000d6cf1ab8,0x00000000d6d00000)
  to   space 2048K, 0% used [0x00000000d6900000,0x00000000d6900000,0x00000000d6b00000)
 ParOldGen       total 68608K, used 32132K [0x0000000080000000, 0x0000000084300000, 0x00000000d5580000)
  object space 68608K, 46% used [0x0000000080000000,0x0000000081f61078,0x0000000084300000)
 Metaspace       used 40854K, committed 41920K, reserved 1114112K
  class space    used 4207K, committed 4672K, reserved 1048576K
}
Event: 37.156 GC heap before
{Heap before GC invocations=23 (full 2):
 PSYoungGen      total 20480K, used 20422K [0x00000000d5580000, 0x00000000d6d00000, 0x0000000100000000)
  eden space 19456K, 100% used [0x00000000d5580000,0x00000000d6880000,0x00000000d6880000)
  from space 1024K, 94% used [0x00000000d6c00000,0x00000000d6cf1ab8,0x00000000d6d00000)
  to   space 2048K, 0% used [0x00000000d6900000,0x00000000d6900000,0x00000000d6b00000)
 ParOldGen       total 68608K, used 32132K [0x0000000080000000, 0x0000000084300000, 0x00000000d5580000)
  object space 68608K, 46% used [0x0000000080000000,0x0000000081f61078,0x0000000084300000)
 Metaspace       used 42055K, committed 43072K, reserved 1114112K
  class space    used 4302K, committed 4736K, reserved 1048576K
}
Event: 37.159 GC heap after
{Heap after GC invocations=23 (full 2):
 PSYoungGen      total 21504K, used 480K [0x00000000d5580000, 0x00000000d6c80000, 0x0000000100000000)
  eden space 19456K, 0% used [0x00000000d5580000,0x00000000d5580000,0x00000000d6880000)
  from space 2048K, 23% used [0x00000000d6900000,0x00000000d6978020,0x00000000d6b00000)
  to   space 1024K, 0% used [0x00000000d6b80000,0x00000000d6b80000,0x00000000d6c80000)
 ParOldGen       total 68608K, used 32405K [0x0000000080000000, 0x0000000084300000, 0x00000000d5580000)
  object space 68608K, 47% used [0x0000000080000000,0x0000000081fa5730,0x0000000084300000)
 Metaspace       used 42055K, committed 43072K, reserved 1114112K
  class space    used 4302K, committed 4736K, reserved 1048576K
}

