# JRE version: OpenJDK Runtime Environment Temurin-21.0.10+7 (21.0.10+7) (build 21.0.10+7-LTS)
# Java VM: OpenJDK 64-Bit Server VM Temurin-21.0.10+7 (21.0.10+7-LTS, mixed mode, sharing, tiered, compressed oops, compressed class ptrs, parallel gc, windows-amd64)
GC Precious Log:
 CardTable entry size: 512
 CPUs: 4 total, 4 available
 Memory: 7592M
 Large Page Support: Disabled
 NUMA Support: Disabled
 Compressed Oops: Enabled (32-bit)
 Alignments: Space 512K, Generation 512K, Heap 2M
 Heap Min Capacity: 100M
 Heap Initial Capacity: 100M
 Heap Max Capacity: 2G
 Pre-touch: Disabled
 Parallel Workers: 4
Heap:
 PSYoungGen      total 3584K, used 2591K [0x00000000d5580000, 0x00000000d5b80000, 0x0000000100000000)
  eden space 3072K, 70% used [0x00000000d5580000,0x00000000d579fe10,0x00000000d5880000)
  from space 512K, 81% used [0x00000000d5b00000,0x00000000d5b68000,0x00000000d5b80000)
  to   space 512K, 0% used [0x00000000d5a80000,0x00000000d5a80000,0x00000000d5b00000)
 ParOldGen       total 408576K, used 408404K [0x0000000080000000, 0x0000000098f00000, 0x00000000d5580000)
  object space 408576K, 99% used [0x0000000080000000,0x0000000098ed51d8,0x0000000098f00000)
 Metaspace       used 73474K, committed 75072K, reserved 1179648K
  class space    used 7907K, committed 8640K, reserved 1048576K
GC Heap History (20 events):
Event: 66.392 GC heap before
{Heap before GC invocations=403 (full 3):
 PSYoungGen      total 4608K, used 4512K [0x00000000d5580000, 0x00000000d5b00000, 0x0000000100000000)
  eden space 4096K, 100% used [0x00000000d5580000,0x00000000d5980000,0x00000000d5980000)
  from space 512K, 81% used [0x00000000d5a00000,0x00000000d5a68000,0x00000000d5a80000)
  to   space 512K, 0% used [0x00000000d5a80000,0x00000000d5a80000,0x00000000d5b00000)
 ParOldGen       total 396800K, used 396496K [0x0000000080000000, 0x0000000098380000, 0x00000000d5580000)
  object space 396800K, 99% used [0x0000000080000000,0x00000000983341f8,0x0000000098380000)
 Metaspace       used 73470K, committed 75072K, reserved 1179648K
  class space    used 7906K, committed 8640K, reserved 1048576K
}
Event: 66.394 GC heap after
{Heap after GC invocations=403 (full 3):
 PSYoungGen      total 4608K, used 480K [0x00000000d5580000, 0x00000000d5b00000, 0x0000000100000000)
  eden space 4096K, 0% used [0x00000000d5580000,0x00000000d5580000,0x00000000d5980000)
  from space 512K, 93% used [0x00000000d5a80000,0x00000000d5af8000,0x00000000d5b00000)
  to   space 512K, 0% used [0x00000000d5a00000,0x00000000d5a00000,0x00000000d5a80000)
 ParOldGen       total 397312K, used 396856K [0x0000000080000000, 0x0000000098400000, 0x00000000d5580000)
  object space 397312K, 99% used [0x0000000080000000,0x000000009838e1f8,0x0000000098400000)
 Metaspace       used 73470K, committed 75072K, reserved 1179648K
  class space    used 7906K, committed 8640K, reserved 1048576K
}
Event: 66.412 GC heap before
{Heap before GC invocations=404 (full 3):
 PSYoungGen      total 4608K, used 4576K [0x00000000d5580000, 0x00000000d5b00000, 0x0000000100000000)
  eden space 4096K, 100% used [0x00000000d5580000,0x00000000d5980000,0x00000000d5980000)
  from space 512K, 93% used [0x00000000d5a80000,0x00000000d5af8000,0x00000000d5b00000)
  to   space 512K, 0% used [0x00000000d5a00000,0x00000000d5a00000,0x00000000d5a80000)
 ParOldGen       total 397312K, used 396856K [0x0000000080000000, 0x0000000098400000, 0x00000000d5580000)
  object space 397312K, 99% used [0x0000000080000000,0x000000009838e1f8,0x0000000098400000)
 Metaspace       used 73470K, committed 75072K, reserved 1179648K
  class space    used 7906K, committed 8640K, reserved 1048576K
}
Event: 66.415 GC heap after
{Heap after GC invocations=404 (full 3):
 PSYoungGen      total 4608K, used 406K [0x00000000d5580000, 0x00000000d5b00000, 0x0000000100000000)
  eden space 4096K, 0% used [0x00000000d5580000,0x00000000d5580000,0x00000000d5980000)
  from space 512K, 79% used [0x00000000d5a00000,0x00000000d5a65810,0x00000000d5a80000)
  to   space 512K, 0% used [0x00000000d5a80000,0x00000000d5a80000,0x00000000d5b00000)
 ParOldGen       total 397312K, used 397288K [0x0000000080000000, 0x0000000098400000, 0x00000000d5580000)
  object space 397312K, 99% used [0x0000000080000000,0x00000000983fa1f8,0x0000000098400000)
 Metaspace       used 73470K, committed 75072K, reserved 1179648K
  class space    used 7906K, committed 8640K, reserved 1048576K
}
Event: 66.465 GC heap before
{Heap before GC invocations=405 (full 3):
 PSYoungGen      total 4608K, used 4502K [0x00000000d5580000, 0x00000000d5b00000, 0x0000000100000000)
  eden space 4096K, 100% used [0x00000000d5580000,0x00000000d5980000,0x00000000d5980000)
  from space 512K, 79% used [0x00000000d5a00000,0x00000000d5a65810,0x00000000d5a80000)
  to   space 512K, 0% used [0x00000000d5a80000,0x00000000d5a80000,0x00000000d5b00000)
 ParOldGen       total 397312K, used 397288K [0x0000000080000000, 0x0000000098400000, 0x00000000d5580000)
  object space 397312K, 99% used [0x0000000080000000,0x00000000983fa1f8,0x0000000098400000)
 Metaspace       used 73473K, committed 75072K, reserved 1179648K
  class space    used 7907K, committed 8640K, reserved 1048576K
}
Event: 66.470 GC heap after
{Heap after GC invocations=405 (full 3):
 PSYoungGen      total 3584K, used 512K [0x00000000d5580000, 0x00000000d5d80000, 0x0000000100000000)
  eden space 3072K, 0% used [0x00000000d5580000,0x00000000d5580000,0x00000000d5880000)
  from space 512K, 100% used [0x00000000d5a80000,0x00000000d5b00000,0x00000000d5b00000)
  to   space 2048K, 0% used [0x00000000d5880000,0x00000000d5880000,0x00000000d5a80000)
 ParOldGen       total 398848K, used 398377K [0x0000000080000000, 0x0000000098580000, 0x00000000d5580000)
  object space 398848K, 99% used [0x0000000080000000,0x000000009850a410,0x0000000098580000)
 Metaspace       used 73473K, committed 75072K, reserved 1179648K
  class space    used 7907K, committed 8640K, reserved 1048576K
}
Event: 66.515 GC heap before
{Heap before GC invocations=406 (full 3):
 PSYoungGen      total 3584K, used 3581K [0x00000000d5580000, 0x00000000d5d80000, 0x0000000100000000)
  eden space 3072K, 99% used [0x00000000d5580000,0x00000000d587f7b8,0x00000000d5880000)
  from space 512K, 100% used [0x00000000d5a80000,0x00000000d5b00000,0x00000000d5b00000)
  to   space 2048K, 0% used [0x00000000d5880000,0x00000000d5880000,0x00000000d5a80000)
 ParOldGen       total 398848K, used 398377K [0x0000000080000000, 0x0000000098580000, 0x00000000d5580000)
  object space 398848K, 99% used [0x0000000080000000,0x000000009850a410,0x0000000098580000)
 Metaspace       used 73473K, committed 75072K, reserved 1179648K
  class space    used 7907K, committed 8640K, reserved 1048576K
}
Event: 66.519 GC heap after
{Heap after GC invocations=406 (full 3):
 PSYoungGen      total 5120K, used 2022K [0x00000000d5580000, 0x00000000d5e80000, 0x0000000100000000)
  eden space 3072K, 0% used [0x00000000d5580000,0x00000000d5580000,0x00000000d5880000)
  from space 2048K, 98% used [0x00000000d5880000,0x00000000d5a79bd0,0x00000000d5a80000)
  to   space 3072K, 0% used [0x00000000d5b80000,0x00000000d5b80000,0x00000000d5e80000)
 ParOldGen       total 399360K, used 399116K [0x0000000080000000, 0x0000000098600000, 0x00000000d5580000)
  object space 399360K, 99% used [0x0000000080000000,0x00000000985c3120,0x0000000098600000)
 Metaspace       used 73473K, committed 75072K, reserved 1179648K
  class space    used 7907K, committed 8640K, reserved 1048576K
}
Event: 66.608 GC heap before
{Heap before GC invocations=407 (full 3):
 PSYoungGen      total 5120K, used 5094K [0x00000000d5580000, 0x00000000d5e80000, 0x0000000100000000)
  eden space 3072K, 100% used [0x00000000d5580000,0x00000000d5880000,0x00000000d5880000)
  from space 2048K, 98% used [0x00000000d5880000,0x00000000d5a79bd0,0x00000000d5a80000)
  to   space 3072K, 0% used [0x00000000d5b80000,0x00000000d5b80000,0x00000000d5e80000)
 ParOldGen       total 399360K, used 399116K [0x0000000080000000, 0x0000000098600000, 0x00000000d5580000)
  object space 399360K, 99% used [0x0000000080000000,0x00000000985c3120,0x0000000098600000)
 Metaspace       used 73473K, committed 75072K, reserved 1179648K
  class space    used 7907K, committed 8640K, reserved 1048576K
}
Event: 66.613 GC heap after
{Heap after GC invocations=407 (full 3):
 PSYoungGen      total 4608K, used 1049K [0x00000000d5580000, 0x00000000d5d00000, 0x0000000100000000)
  eden space 3072K, 0% used [0x00000000d5580000,0x00000000d5580000,0x00000000d5880000)
  from space 1536K, 68% used [0x00000000d5b80000,0x00000000d5c86770,0x00000000d5d00000)
  to   space 2048K, 0% used [0x00000000d5900000,0x00000000d5900000,0x00000000d5b00000)
 ParOldGen       total 400896K, used 400677K [0x0000000080000000, 0x0000000098780000, 0x00000000d5580000)
  object space 400896K, 99% used [0x0000000080000000,0x0000000098749730,0x0000000098780000)
 Metaspace       used 73473K, committed 75072K, reserved 1179648K
  class space    used 7907K, committed 8640K, reserved 1048576K
}
Event: 66.632 GC heap before
{Heap before GC invocations=408 (full 3):
 PSYoungGen      total 4608K, used 4121K [0x00000000d5580000, 0x00000000d5d00000, 0x0000000100000000)
  eden space 3072K, 100% used [0x00000000d5580000,0x00000000d5880000,0x00000000d5880000)
  from space 1536K, 68% used [0x00000000d5b80000,0x00000000d5c86770,0x00000000d5d00000)
  to   space 2048K, 0% used [0x00000000d5900000,0x00000000d5900000,0x00000000d5b00000)
 ParOldGen       total 400896K, used 400677K [0x0000000080000000, 0x0000000098780000, 0x00000000d5580000)
  object space 400896K, 99% used [0x0000000080000000,0x0000000098749730,0x0000000098780000)
 Metaspace       used 73474K, committed 75072K, reserved 1179648K
  class space    used 7907K, committed 8640K, reserved 1048576K
}
Event: 66.636 GC heap after
{Heap after GC invocations=408 (full 3):
 PSYoungGen      total 5120K, used 379K [0x00000000d5580000, 0x00000000d5c00000, 0x0000000100000000)
  eden space 3072K, 0% used [0x00000000d5580000,0x00000000d5580000,0x00000000d5880000)
  from space 2048K, 18% used [0x00000000d5900000,0x00000000d595ec08,0x00000000d5b00000)
  to   space 1024K, 0% used [0x00000000d5b00000,0x00000000d5b00000,0x00000000d5c00000)
 ParOldGen       total 401920K, used 401709K [0x0000000080000000, 0x0000000098880000, 0x00000000d5580000)
  object space 401920K, 99% used [0x0000000080000000,0x000000009884b6a0,0x0000000098880000)
 Metaspace       used 73474K, committed 75072K, reserved 1179648K
  class space    used 7907K, committed 8640K, reserved 1048576K
}
Event: 66.650 GC heap before
{Heap before GC invocations=409 (full 3):
 PSYoungGen      total 5120K, used 3451K [0x00000000d5580000, 0x00000000d5c00000, 0x0000000100000000)
  eden space 3072K, 100% used [0x00000000d5580000,0x00000000d5880000,0x00000000d5880000)
  from space 2048K, 18% used [0x00000000d5900000,0x00000000d595ec08,0x00000000d5b00000)
  to   space 1024K, 0% used [0x00000000d5b00000,0x00000000d5b00000,0x00000000d5c00000)
 ParOldGen       total 401920K, used 401709K [0x0000000080000000, 0x0000000098880000, 0x00000000d5580000)
  object space 401920K, 99% used [0x0000000080000000,0x000000009884b6a0,0x0000000098880000)
 Metaspace       used 73474K, committed 75072K, reserved 1179648K
  class space    used 7907K, committed 8640K, reserved 1048576K
}
Event: 66.654 GC heap after
{Heap after GC invocations=409 (full 3):
 PSYoungGen      total 3584K, used 384K [0x00000000d5580000, 0x00000000d5b80000, 0x0000000100000000)
  eden space 3072K, 0% used [0x00000000d5580000,0x00000000d5580000,0x00000000d5880000)
  from space 512K, 75% used [0x00000000d5b00000,0x00000000d5b60000,0x00000000d5b80000)
  to   space 512K, 0% used [0x00000000d5a80000,0x00000000d5a80000,0x00000000d5b00000)
 ParOldGen       total 402432K, used 402064K [0x0000000080000000, 0x0000000098900000, 0x00000000d5580000)
  object space 402432K, 99% used [0x0000000080000000,0x00000000988a42a8,0x0000000098900000)
 Metaspace       used 73474K, committed 75072K, reserved 1179648K
  class space    used 7907K, committed 8640K, reserved 1048576K
}
Event: 66.676 GC heap before
{Heap before GC invocations=410 (full 3):
 PSYoungGen      total 3584K, used 3456K [0x00000000d5580000, 0x00000000d5b80000, 0x0000000100000000)
  eden space 3072K, 100% used [0x00000000d5580000,0x00000000d5880000,0x00000000d5880000)
  from space 512K, 75% used [0x00000000d5b00000,0x00000000d5b60000,0x00000000d5b80000)
  to   space 512K, 0% used [0x00000000d5a80000,0x00000000d5a80000,0x00000000d5b00000)
 ParOldGen       total 402432K, used 402064K [0x0000000080000000, 0x0000000098900000, 0x00000000d5580000)
  object space 402432K, 99% used [0x0000000080000000,0x00000000988a42a8,0x0000000098900000)
 Metaspace       used 73474K, committed 75072K, reserved 1179648K
  class space    used 7907K, committed 8640K, reserved 1048576K
}
Event: 66.680 GC heap after
{Heap after GC invocations=410 (full 3):
 PSYoungGen      total 3584K, used 438K [0x00000000d5580000, 0x00000000d5b80000, 0x0000000100000000)
  eden space 3072K, 0% used [0x00000000d5580000,0x00000000d5580000,0x00000000d5880000)
  from space 512K, 85% used [0x00000000d5a80000,0x00000000d5aed808,0x00000000d5b00000)
  to   space 512K, 0% used [0x00000000d5b00000,0x00000000d5b00000,0x00000000d5b80000)
 ParOldGen       total 402432K, used 402416K [0x0000000080000000, 0x0000000098900000, 0x00000000d5580000)
  object space 402432K, 99% used [0x0000000080000000,0x00000000988fc2a8,0x0000000098900000)
 Metaspace       used 73474K, committed 75072K, reserved 1179648K
  class space    used 7907K, committed 8640K, reserved 1048576K
}
Event: 66.699 GC heap before
{Heap before GC invocations=411 (full 3):
 PSYoungGen      total 3584K, used 3510K [0x00000000d5580000, 0x00000000d5b80000, 0x0000000100000000)
  eden space 3072K, 100% used [0x00000000d5580000,0x00000000d5880000,0x00000000d5880000)
  from space 512K, 85% used [0x00000000d5a80000,0x00000000d5aed808,0x00000000d5b00000)
  to   space 512K, 0% used [0x00000000d5b00000,0x00000000d5b00000,0x00000000d5b80000)
 ParOldGen       total 402432K, used 402416K [0x0000000080000000, 0x0000000098900000, 0x00000000d5580000)
  object space 402432K, 99% used [0x0000000080000000,0x00000000988fc2a8,0x0000000098900000)
 Metaspace       used 73474K, committed 75072K, reserved 1179648K
  class space    used 7907K, committed 8640K, reserved 1048576K
}
Event: 66.701 GC heap after
{Heap after GC invocations=411 (full 3):
 PSYoungGen      total 3584K, used 416K [0x00000000d5580000, 0x00000000d5b80000, 0x0000000100000000)
  eden space 3072K, 0% used [0x00000000d5580000,0x00000000d5580000,0x00000000d5880000)
  from space 512K, 81% used [0x00000000d5b00000,0x00000000d5b68000,0x00000000d5b80000)
  to   space 512K, 0% used [0x00000000d5a80000,0x00000000d5a80000,0x00000000d5b00000)
 ParOldGen       total 402944K, used 402806K [0x0000000080000000, 0x0000000098980000, 0x00000000d5580000)
  object space 402944K, 99% used [0x0000000080000000,0x000000009895dab0,0x0000000098980000)
 Metaspace       used 73474K, committed 75072K, reserved 1179648K
  class space    used 7907K, committed 8640K, reserved 1048576K
}
Event: 66.716 GC heap before
{Heap before GC invocations=412 (full 3):
 PSYoungGen      total 3584K, used 3488K [0x00000000d5580000, 0x00000000d5b80000, 0x0000000100000000)
  eden space 3072K, 100% used [0x00000000d5580000,0x00000000d5880000,0x00000000d5880000)
  from space 512K, 81% used [0x00000000d5b00000,0x00000000d5b68000,0x00000000d5b80000)
  to   space 512K, 0% used [0x00000000d5a80000,0x00000000d5a80000,0x00000000d5b00000)
 ParOldGen       total 402944K, used 402806K [0x0000000080000000, 0x0000000098980000, 0x00000000d5580000)
  object space 402944K, 99% used [0x0000000080000000,0x000000009895dab0,0x0000000098980000)
 Metaspace       used 73474K, committed 75072K, reserved 1179648K
  class space    used 7907K, committed 8640K, reserved 1048576K
}
Event: 66.718 GC heap after
{Heap after GC invocations=412 (full 3):
 PSYoungGen      total 3584K, used 384K [0x00000000d5580000, 0x00000000d5b80000, 0x0000000100000000)
  eden space 3072K, 0% used [0x00000000d5580000,0x00000000d5580000,0x00000000d5880000)
  from space 512K, 75% used [0x00000000d5a80000,0x00000000d5ae0000,0x00000000d5b00000)
  to   space 512K, 0% used [0x00000000d5b00000,0x00000000d5b00000,0x00000000d5b80000)
 ParOldGen       total 403456K, used 403150K [0x0000000080000000, 0x0000000098a00000, 0x00000000d5580000)
  object space 403456K, 99% used [0x0000000080000000,0x00000000989b3ab0,0x0000000098a00000)
 Metaspace       used 73474K, committed 75072K, reserved 1179648K
  class space    used 7907K, committed 8640K, reserved 1048576K
}

